0 info it worked if it ends with ok
1 verbose cli [ 'C:\\Program Files (x86)\\nodejs\\\\node.exe',
1 verbose cli   'C:\\Program Files (x86)\\nodejs\\node_modules\\npm\\bin\\npm-cli.js',
1 verbose cli   'publish' ]
2 info using npm@1.4.28
3 info using node@v0.10.32
4 verbose node symlink C:\Program Files (x86)\nodejs\\node.exe
5 verbose publish [ '.' ]
6 verbose cache add [ '.', null ]
7 verbose cache add name=undefined spec="." args=[".",null]
8 verbose parsed url { protocol: null,
8 verbose parsed url   slashes: null,
8 verbose parsed url   auth: null,
8 verbose parsed url   host: null,
8 verbose parsed url   port: null,
8 verbose parsed url   hostname: null,
8 verbose parsed url   hash: null,
8 verbose parsed url   search: null,
8 verbose parsed url   query: null,
8 verbose parsed url   pathname: '.',
8 verbose parsed url   path: '.',
8 verbose parsed url   href: '.' }
9 silly lockFile 3a52ce78- .
10 verbose lock . C:\Users\patri00\AppData\Roaming\npm-cache\3a52ce78-.lock
11 verbose tar pack [ 'C:\\Users\\patri00\\AppData\\Roaming\\npm-cache\\JSON-Chat\\0.0.1\\package.tgz',
11 verbose tar pack   '.' ]
12 verbose tarball C:\Users\patri00\AppData\Roaming\npm-cache\JSON-Chat\0.0.1\package.tgz
13 verbose folder .
14 info prepublish JSON-Chat@0.0.1
15 silly lockFile 1f1177db-tar tar://.
16 verbose lock tar://. C:\Users\patri00\AppData\Roaming\npm-cache\1f1177db-tar.lock
17 silly lockFile 999dafed-ache-JSON-Chat-0-0-1-package-tgz tar://C:\Users\patri00\AppData\Roaming\npm-cache\JSON-Chat\0.0.1\package.tgz
18 verbose lock tar://C:\Users\patri00\AppData\Roaming\npm-cache\JSON-Chat\0.0.1\package.tgz C:\Users\patri00\AppData\Roaming\npm-cache\999dafed-ache-JSON-Chat-0-0-1-package-tgz.lock
19 silly lockFile 1f1177db-tar tar://.
20 silly lockFile 1f1177db-tar tar://.
21 silly lockFile 999dafed-ache-JSON-Chat-0-0-1-package-tgz tar://C:\Users\patri00\AppData\Roaming\npm-cache\JSON-Chat\0.0.1\package.tgz
22 silly lockFile 999dafed-ache-JSON-Chat-0-0-1-package-tgz tar://C:\Users\patri00\AppData\Roaming\npm-cache\JSON-Chat\0.0.1\package.tgz
23 silly lockFile 8288d152-pm-cache-JSON-Chat-0-0-1-package C:\Users\patri00\AppData\Roaming\npm-cache\JSON-Chat\0.0.1\package
24 verbose lock C:\Users\patri00\AppData\Roaming\npm-cache\JSON-Chat\0.0.1\package C:\Users\patri00\AppData\Roaming\npm-cache\8288d152-pm-cache-JSON-Chat-0-0-1-package.lock
25 silly lockFile 8288d152-pm-cache-JSON-Chat-0-0-1-package C:\Users\patri00\AppData\Roaming\npm-cache\JSON-Chat\0.0.1\package
26 silly lockFile 8288d152-pm-cache-JSON-Chat-0-0-1-package C:\Users\patri00\AppData\Roaming\npm-cache\JSON-Chat\0.0.1\package
27 silly lockFile 3a52ce78- .
28 silly lockFile 3a52ce78- .
29 silly publish { name: 'JSON-Chat',
29 silly publish   version: '0.0.1',
29 silly publish   description: 'A simple JSON-based Node.js chat client.',
29 silly publish   keywords: [ 'chat', 'json', 'api' ],
29 silly publish   maintainers: [ { name: 'Patrick Lambert' } ],
29 silly publish   licenses:
29 silly publish    [ { type: 'MIT',
29 silly publish        url: 'http://www.opensource.org/licenses/mit-license.php' } ],
29 silly publish   repository: { type: 'git', url: 'git://github.com/dendory/JSON-Chat.git' },
29 silly publish   main: 'json_chat.js',
29 silly publish   files: [ 'json_chat', 'LICENSE', 'README.md' ],
29 silly publish   engines: { node: '>=0.8.0' },
29 silly publish   readme: 'JSON-Chat\r\n=========\r\n\r\nThis is a simple Node.js chat server that provides a JSON API along with a web frontend using Bootstrap.\r\n\r\nInstallation\r\n------------\r\n    npm install json_chat\r\n\r\nUsage\r\n-----\r\n    node json_chat.js\r\n\r\nAfter that just load your browser to `http://localhost:8080/` or whichever server you run it on. The inline help should be pretty self-explanatory.\r\n\r\nNext steps\r\n----------\r\n* Add AJAX to the web client.\r\n* Add user messaging / inbox.\r\n* Add file or cloud base saving for users and messages.\r\n',
29 silly publish   readmeFilename: 'README.md',
29 silly publish   gitHead: '8b139b4d07a0a5d39429dfa22177a3af9b954d3d',
29 silly publish   bugs: { url: 'https://github.com/dendory/JSON-Chat/issues' },
29 silly publish   homepage: 'https://github.com/dendory/JSON-Chat',
29 silly publish   _id: 'JSON-Chat@0.0.1',
29 silly publish   scripts: {},
29 silly publish   _shasum: '302a13e1924acbecc164bd1c95b0b45b56a7056d',
29 silly publish   _from: '.' }
30 verbose request where is /JSON-Chat
31 verbose request registry https://registry.npmjs.org/
32 verbose request id a149357e80f7bf82
33 verbose url raw /JSON-Chat
34 verbose url resolving [ 'https://registry.npmjs.org/', './JSON-Chat' ]
35 verbose url resolved https://registry.npmjs.org/JSON-Chat
36 verbose request where is https://registry.npmjs.org/JSON-Chat
37 info trying registry request attempt 1 at 16:00:55
38 http PUT https://registry.npmjs.org/JSON-Chat
39 http 403 https://registry.npmjs.org/JSON-Chat
40 verbose headers { date: 'Wed, 29 Oct 2014 20:01:53 GMT',
40 verbose headers   server: 'CouchDB/1.5.0 (Erlang OTP/R16B03)',
40 verbose headers   'content-type': 'application/json',
40 verbose headers   'cache-control': 'max-age=60',
40 verbose headers   'content-length': '76',
40 verbose headers   'accept-ranges': 'bytes',
40 verbose headers   via: '1.1 varnish',
40 verbose headers   'x-served-by': 'cache-ord1732-ORD',
40 verbose headers   'x-cache': 'MISS',
40 verbose headers   'x-cache-hits': '0',
40 verbose headers   'x-timer': 'S1414612912.919985,VS0,VE246',
40 verbose headers   'keep-alive': 'timeout=10, max=50',
40 verbose headers   connection: 'Keep-Alive' }
41 error publish Failed PUT 403
42 error Error: forbidden New packages must have all-lowercase names: JSON-Chat
42 error     at RegClient.<anonymous> (C:\Program Files (x86)\nodejs\node_modules\npm\node_modules\npm-registry-client\lib\request.js:308:14)
42 error     at Request._callback (C:\Program Files (x86)\nodejs\node_modules\npm\node_modules\npm-registry-client\lib\request.js:246:65)
42 error     at Request.self.callback (C:\Program Files (x86)\nodejs\node_modules\npm\node_modules\request\request.js:236:22)
42 error     at Request.emit (events.js:98:17)
42 error     at Request.<anonymous> (C:\Program Files (x86)\nodejs\node_modules\npm\node_modules\request\request.js:1142:14)
42 error     at Request.emit (events.js:117:20)
42 error     at IncomingMessage.<anonymous> (C:\Program Files (x86)\nodejs\node_modules\npm\node_modules\request\request.js:1096:12)
42 error     at IncomingMessage.emit (events.js:117:20)
42 error     at _stream_readable.js:943:16
42 error     at process._tickCallback (node.js:419:13)
43 error If you need help, you may report this *entire* log,
43 error including the npm and node versions, at:
43 error     <http://github.com/npm/npm/issues>
44 error System Windows_NT 6.2.9200
45 error command "C:\\Program Files (x86)\\nodejs\\\\node.exe" "C:\\Program Files (x86)\\nodejs\\node_modules\\npm\\bin\\npm-cli.js" "publish"
46 error cwd C:\scripts\git\JSON-Chat
47 error node -v v0.10.32
48 error npm -v 1.4.28
49 verbose exit [ 1, true ]
